Start testing: Apr 12 01:27 +04
----------------------------------------------------------
1/1 Testing: sum_test1
1/1 Test: sum_test1
Command: "/home/nihad/Desktop/cmake/bin/sample"
Directory: /home/nihad/Desktop/cmake
"sum_test1" start time: Apr 12 01:27 +04
Output:
----------------------------------------------------------
multiplication of x and y is 20
summation of x and y is 8
subtraction of x and y is 2
division of x and y is 1
comparing x and y is 5
i am mult


     CUnit - A unit testing framework for C - Version 2.1-3
     http://cunit.sourceforge.net/


Suite: sum_test_suite
  Test: sum_test ...passed
Suite: string_test_suite
  Test: string_test ...passed

Run Summary:    Type  Total    Ran Passed Failed Inactive
              suites      2      2    n/a      0        0
               tests      2      2      2      0        0
             asserts     12     12     12      0      n/a

Elapsed time =    0.000 seconds
<end of output>
Test time =   0.00 sec
----------------------------------------------------------
Test Passed.
"sum_test1" end time: Apr 12 01:27 +04
"sum_test1" time elapsed: 00:00:00
----------------------------------------------------------

End testing: Apr 12 01:27 +04
